2017/05/05 00:44:47 [error] [exception.Error] Error: Class 'HB\VideoService\VideoService' not found in /var/www/parser-url/protected/models/Video.php:117
Stack trace:
#0 /var/www/parser-url/vendor/yiisoft/yii/framework/base/CComponent.php(152): Video->setAttributes(Array)
#1 /var/www/parser-url/vendor/yiisoft/yii/framework/db/ar/CActiveRecord.php(162): CComponent->__set('attributes', Array)
#2 /var/www/parser-url/protected/controllers/VideoController.php(78): CActiveRecord->__set('attributes', Array)
#3 /var/www/parser-url/vendor/yiisoft/yii/framework/web/actions/CInlineAction.php(49): VideoController->actionCreate()
#4 /var/www/parser-url/vendor/yiisoft/yii/framework/web/CController.php(308): CInlineAction->runWithParams(Array)
#5 /var/www/parser-url/vendor/yiisoft/yii/framework/web/filters/CFilterChain.php(134): CController->runAction(Object(CInlineAction))
#6 /var/www/parser-url/vendor/yiisoft/yii/framework/web/filters/CFilter.php(40): CFilterChain->run()
#7 /var/www/parser-url/vendor/yiisoft/yii/framework/web/CController.php(1148): CFilter->filter(Object(CFilterChain))
#8 /var/www/parser-url/vendor/yiisoft/yii/framework/web/filters/CInlineFilter.php(58): CController->filterAccessControl(Object(CFilterChain))
#9 /var/www/parser-url/vendor/yiisoft/yii/framework/web/filters/CFilterChain.php(131): CInlineFilter->filter(Object(CFilterChain))
#10 /var/www/parser-url/vendor/yiisoft/yii/framework/web/CController.php(291): CFilterChain->run()
#11 /var/www/parser-url/vendor/yiisoft/yii/framework/web/CController.php(265): CController->runActionWithFilters(Object(CInlineAction), Array)
#12 /var/www/parser-url/vendor/yiisoft/yii/framework/web/CWebApplication.php(282): CController->run('create')
#13 /var/www/parser-url/vendor/yiisoft/yii/framework/web/CWebApplication.php(141): CWebApplication->runController('video/create')
#14 /var/www/parser-url/vendor/yiisoft/yii/framework/base/CApplication.php(185): CWebApplication->processRequest()
#15 /var/www/parser-url/index.php(13): CApplication->run()
#16 {main}
REQUEST_URI=/index.php?r=video/create
HTTP_REFERER=http://parser/index.php?r=video/create
---
2017/05/05 00:46:42 [error] [exception.Error] Error: Class 'HB\VideoService\VideoService' not found in /var/www/parser-url/protected/models/Video.php:117
Stack trace:
#0 /var/www/parser-url/vendor/yiisoft/yii/framework/base/CComponent.php(152): Video->setAttributes(Array)
#1 /var/www/parser-url/vendor/yiisoft/yii/framework/db/ar/CActiveRecord.php(162): CComponent->__set('attributes', Array)
#2 /var/www/parser-url/protected/controllers/VideoController.php(78): CActiveRecord->__set('attributes', Array)
#3 /var/www/parser-url/vendor/yiisoft/yii/framework/web/actions/CInlineAction.php(49): VideoController->actionCreate()
#4 /var/www/parser-url/vendor/yiisoft/yii/framework/web/CController.php(308): CInlineAction->runWithParams(Array)
#5 /var/www/parser-url/vendor/yiisoft/yii/framework/web/filters/CFilterChain.php(134): CController->runAction(Object(CInlineAction))
#6 /var/www/parser-url/vendor/yiisoft/yii/framework/web/filters/CFilter.php(40): CFilterChain->run()
#7 /var/www/parser-url/vendor/yiisoft/yii/framework/web/CController.php(1148): CFilter->filter(Object(CFilterChain))
#8 /var/www/parser-url/vendor/yiisoft/yii/framework/web/filters/CInlineFilter.php(58): CController->filterAccessControl(Object(CFilterChain))
#9 /var/www/parser-url/vendor/yiisoft/yii/framework/web/filters/CFilterChain.php(131): CInlineFilter->filter(Object(CFilterChain))
#10 /var/www/parser-url/vendor/yiisoft/yii/framework/web/CController.php(291): CFilterChain->run()
#11 /var/www/parser-url/vendor/yiisoft/yii/framework/web/CController.php(265): CController->runActionWithFilters(Object(CInlineAction), Array)
#12 /var/www/parser-url/vendor/yiisoft/yii/framework/web/CWebApplication.php(282): CController->run('create')
#13 /var/www/parser-url/vendor/yiisoft/yii/framework/web/CWebApplication.php(141): CWebApplication->runController('video/create')
#14 /var/www/parser-url/vendor/yiisoft/yii/framework/base/CApplication.php(185): CWebApplication->processRequest()
#15 /var/www/parser-url/index.php(13): CApplication->run()
#16 {main}
REQUEST_URI=/index.php?r=video/create
HTTP_REFERER=http://parser/index.php?r=video/create
---
2017/05/05 00:47:17 [error] [php] DOMDocument::loadHTMLFile(): I/O warning : failed to load external entity &quot;&lt;div style=&quot;position:relative;height:0;padding-bottom:75.0%&quot;&gt;&lt;iframe src=&quot;https://www.youtube.com/embed/8Mo8_IS5dTk?ecver=2&quot; width=&quot;480&quot; height=&quot;360&quot; frameborder=&quot;0&quot; style=&quot;position:absolute;width:100%;height:100%;left:0&quot; allowfullscreen&gt;&lt;/iframe&gt;&lt;/div&gt;&quot; (/var/www/parser-url/protected/components/service/VideoService.php:27)
Stack trace:
#0 /var/www/parser-url/vendor/yiisoft/yii/framework/base/CComponent.php(152): Video->setAttributes()
#1 /var/www/parser-url/vendor/yiisoft/yii/framework/db/ar/CActiveRecord.php(162): Video->__set()
#2 /var/www/parser-url/protected/controllers/VideoController.php(78): Video->__set()
#3 /var/www/parser-url/vendor/yiisoft/yii/framework/web/actions/CInlineAction.php(49): VideoController->actionCreate()
#4 /var/www/parser-url/vendor/yiisoft/yii/framework/web/CController.php(308): CInlineAction->runWithParams()
#5 /var/www/parser-url/vendor/yiisoft/yii/framework/web/filters/CFilterChain.php(134): VideoController->runAction()
#6 /var/www/parser-url/vendor/yiisoft/yii/framework/web/filters/CFilter.php(40): CFilterChain->run()
#7 /var/www/parser-url/vendor/yiisoft/yii/framework/web/CController.php(1148): CAccessControlFilter->filter()
#8 /var/www/parser-url/vendor/yiisoft/yii/framework/web/filters/CInlineFilter.php(58): VideoController->filterAccessControl()
#9 /var/www/parser-url/vendor/yiisoft/yii/framework/web/filters/CFilterChain.php(131): CInlineFilter->filter()
#10 /var/www/parser-url/vendor/yiisoft/yii/framework/web/CController.php(291): CFilterChain->run()
#11 /var/www/parser-url/vendor/yiisoft/yii/framework/web/CController.php(265): VideoController->runActionWithFilters()
#12 /var/www/parser-url/vendor/yiisoft/yii/framework/web/CWebApplication.php(282): VideoController->run()
#13 /var/www/parser-url/vendor/yiisoft/yii/framework/web/CWebApplication.php(141): CWebApplication->runController()
#14 /var/www/parser-url/vendor/yiisoft/yii/framework/base/CApplication.php(185): CWebApplication->processRequest()
#15 /var/www/parser-url/index.php(13): CWebApplication->run()
REQUEST_URI=/index.php?r=video/create
in /var/www/parser-url/protected/components/service/VideoService.php (27)
in /var/www/parser-url/protected/models/Video.php (117)
in /var/www/parser-url/protected/controllers/VideoController.php (78)
2017/05/05 00:52:09 [error] [php] DOMDocument::loadHTMLFile(): I/O warning : failed to load external entity &quot;&lt;div style=&quot;position:relative;height:0;padding-bottom:75.0%&quot;&gt;&lt;iframe src=&quot;https://www.youtube.com/embed/8Mo8_IS5dTk?ecver=2&quot; width=&quot;480&quot; height=&quot;360&quot; frameborder=&quot;0&quot; style=&quot;position:absolute;width:100%;height:100%;left:0&quot; allowfullscreen&gt;&lt;/iframe&gt;&lt;/div&gt;&quot; (/var/www/parser-url/protected/components/service/VideoService.php:27)
Stack trace:
#0 /var/www/parser-url/vendor/yiisoft/yii/framework/base/CComponent.php(152): Video->setAttributes()
#1 /var/www/parser-url/vendor/yiisoft/yii/framework/db/ar/CActiveRecord.php(162): Video->__set()
#2 /var/www/parser-url/protected/controllers/VideoController.php(78): Video->__set()
#3 /var/www/parser-url/vendor/yiisoft/yii/framework/web/actions/CInlineAction.php(49): VideoController->actionCreate()
#4 /var/www/parser-url/vendor/yiisoft/yii/framework/web/CController.php(308): CInlineAction->runWithParams()
#5 /var/www/parser-url/vendor/yiisoft/yii/framework/web/filters/CFilterChain.php(134): VideoController->runAction()
#6 /var/www/parser-url/vendor/yiisoft/yii/framework/web/filters/CFilter.php(40): CFilterChain->run()
#7 /var/www/parser-url/vendor/yiisoft/yii/framework/web/CController.php(1148): CAccessControlFilter->filter()
#8 /var/www/parser-url/vendor/yiisoft/yii/framework/web/filters/CInlineFilter.php(58): VideoController->filterAccessControl()
#9 /var/www/parser-url/vendor/yiisoft/yii/framework/web/filters/CFilterChain.php(131): CInlineFilter->filter()
#10 /var/www/parser-url/vendor/yiisoft/yii/framework/web/CController.php(291): CFilterChain->run()
#11 /var/www/parser-url/vendor/yiisoft/yii/framework/web/CController.php(265): VideoController->runActionWithFilters()
#12 /var/www/parser-url/vendor/yiisoft/yii/framework/web/CWebApplication.php(282): VideoController->run()
#13 /var/www/parser-url/vendor/yiisoft/yii/framework/web/CWebApplication.php(141): CWebApplication->runController()
#14 /var/www/parser-url/vendor/yiisoft/yii/framework/base/CApplication.php(185): CWebApplication->processRequest()
#15 /var/www/parser-url/index.php(13): CWebApplication->run()
REQUEST_URI=/index.php?r=video/create
in /var/www/parser-url/protected/components/service/VideoService.php (27)
in /var/www/parser-url/protected/models/Video.php (117)
in /var/www/parser-url/protected/controllers/VideoController.php (78)
2017/05/05 00:53:59 [error] [php] DOMDocument::loadHTMLFile(): I/O warning : failed to load external entity &quot;&amp;lt;div style=&amp;quot;position:relative;height:0;padding-bottom:75.0%&amp;quot;&amp;gt;&amp;lt;iframe src=&amp;quot;https://www.youtube.com/embed/8Mo8_IS5dTk?ecver=2&amp;quot; width=&amp;quot;480&amp;quot; height=&amp;quot;360&amp;quot; frameborder=&amp;quot;0&amp;quot; style=&amp;quot;position:absolute;width:100%;height:100%;left:0&amp;quot; allowfullscreen&amp;gt;&amp;lt;/iframe&amp;gt;&amp;lt;/div&amp;gt;&quot; (/var/www/parser-url/protected/components/service/VideoService.php:27)
Stack trace:
#0 /var/www/parser-url/vendor/yiisoft/yii/framework/base/CComponent.php(152): Video->setAttributes()
#1 /var/www/parser-url/vendor/yiisoft/yii/framework/db/ar/CActiveRecord.php(162): Video->__set()
#2 /var/www/parser-url/protected/controllers/VideoController.php(78): Video->__set()
#3 /var/www/parser-url/vendor/yiisoft/yii/framework/web/actions/CInlineAction.php(49): VideoController->actionCreate()
#4 /var/www/parser-url/vendor/yiisoft/yii/framework/web/CController.php(308): CInlineAction->runWithParams()
#5 /var/www/parser-url/vendor/yiisoft/yii/framework/web/filters/CFilterChain.php(134): VideoController->runAction()
#6 /var/www/parser-url/vendor/yiisoft/yii/framework/web/filters/CFilter.php(40): CFilterChain->run()
#7 /var/www/parser-url/vendor/yiisoft/yii/framework/web/CController.php(1148): CAccessControlFilter->filter()
#8 /var/www/parser-url/vendor/yiisoft/yii/framework/web/filters/CInlineFilter.php(58): VideoController->filterAccessControl()
#9 /var/www/parser-url/vendor/yiisoft/yii/framework/web/filters/CFilterChain.php(131): CInlineFilter->filter()
#10 /var/www/parser-url/vendor/yiisoft/yii/framework/web/CController.php(291): CFilterChain->run()
#11 /var/www/parser-url/vendor/yiisoft/yii/framework/web/CController.php(265): VideoController->runActionWithFilters()
#12 /var/www/parser-url/vendor/yiisoft/yii/framework/web/CWebApplication.php(282): VideoController->run()
#13 /var/www/parser-url/vendor/yiisoft/yii/framework/web/CWebApplication.php(141): CWebApplication->runController()
#14 /var/www/parser-url/vendor/yiisoft/yii/framework/base/CApplication.php(185): CWebApplication->processRequest()
#15 /var/www/parser-url/index.php(13): CWebApplication->run()
REQUEST_URI=/index.php?r=video/create
in /var/www/parser-url/protected/components/service/VideoService.php (27)
in /var/www/parser-url/protected/models/Video.php (117)
in /var/www/parser-url/protected/controllers/VideoController.php (78)
2017/05/05 00:54:15 [error] [php] DOMDocument::loadHTMLFile(): I/O warning : failed to load external entity &quot;&lt;div style=&quot;position:relative;height:0;padding-bottom:75.0%&quot;&gt;&lt;iframe src=&quot;https://www.youtube.com/embed/8Mo8_IS5dTk?ecver=2&quot; width=&quot;480&quot; height=&quot;360&quot; frameborder=&quot;0&quot; style=&quot;position:absolute;width:100%;height:100%;left:0&quot; allowfullscreen&gt;&lt;/iframe&gt;&lt;/div&gt;&quot; (/var/www/parser-url/protected/components/service/VideoService.php:27)
Stack trace:
#0 /var/www/parser-url/vendor/yiisoft/yii/framework/base/CComponent.php(152): Video->setAttributes()
#1 /var/www/parser-url/vendor/yiisoft/yii/framework/db/ar/CActiveRecord.php(162): Video->__set()
#2 /var/www/parser-url/protected/controllers/VideoController.php(78): Video->__set()
#3 /var/www/parser-url/vendor/yiisoft/yii/framework/web/actions/CInlineAction.php(49): VideoController->actionCreate()
#4 /var/www/parser-url/vendor/yiisoft/yii/framework/web/CController.php(308): CInlineAction->runWithParams()
#5 /var/www/parser-url/vendor/yiisoft/yii/framework/web/filters/CFilterChain.php(134): VideoController->runAction()
#6 /var/www/parser-url/vendor/yiisoft/yii/framework/web/filters/CFilter.php(40): CFilterChain->run()
#7 /var/www/parser-url/vendor/yiisoft/yii/framework/web/CController.php(1148): CAccessControlFilter->filter()
#8 /var/www/parser-url/vendor/yiisoft/yii/framework/web/filters/CInlineFilter.php(58): VideoController->filterAccessControl()
#9 /var/www/parser-url/vendor/yiisoft/yii/framework/web/filters/CFilterChain.php(131): CInlineFilter->filter()
#10 /var/www/parser-url/vendor/yiisoft/yii/framework/web/CController.php(291): CFilterChain->run()
#11 /var/www/parser-url/vendor/yiisoft/yii/framework/web/CController.php(265): VideoController->runActionWithFilters()
#12 /var/www/parser-url/vendor/yiisoft/yii/framework/web/CWebApplication.php(282): VideoController->run()
#13 /var/www/parser-url/vendor/yiisoft/yii/framework/web/CWebApplication.php(141): CWebApplication->runController()
#14 /var/www/parser-url/vendor/yiisoft/yii/framework/base/CApplication.php(185): CWebApplication->processRequest()
#15 /var/www/parser-url/index.php(13): CWebApplication->run()
REQUEST_URI=/index.php?r=video/create
in /var/www/parser-url/protected/components/service/VideoService.php (27)
in /var/www/parser-url/protected/models/Video.php (117)
in /var/www/parser-url/protected/controllers/VideoController.php (78)
2017/05/05 01:47:08 [error] [exception.Error] Error: Call to a member function getDataBYUrl() on null in /var/www/parser-url/protected/components/videoService/VideoService.php:53
Stack trace:
#0 /var/www/parser-url/protected/models/Video.php(123): VideoService->getDataVideo()
#1 /var/www/parser-url/vendor/yiisoft/yii/framework/base/CComponent.php(152): Video->setAttributes(Array)
#2 /var/www/parser-url/vendor/yiisoft/yii/framework/db/ar/CActiveRecord.php(162): CComponent->__set('attributes', Array)
#3 /var/www/parser-url/protected/controllers/VideoController.php(78): CActiveRecord->__set('attributes', Array)
#4 /var/www/parser-url/vendor/yiisoft/yii/framework/web/actions/CInlineAction.php(49): VideoController->actionCreate()
#5 /var/www/parser-url/vendor/yiisoft/yii/framework/web/CController.php(308): CInlineAction->runWithParams(Array)
#6 /var/www/parser-url/vendor/yiisoft/yii/framework/web/filters/CFilterChain.php(134): CController->runAction(Object(CInlineAction))
#7 /var/www/parser-url/vendor/yiisoft/yii/framework/web/filters/CFilter.php(40): CFilterChain->run()
#8 /var/www/parser-url/vendor/yiisoft/yii/framework/web/CController.php(1148): CFilter->filter(Object(CFilterChain))
#9 /var/www/parser-url/vendor/yiisoft/yii/framework/web/filters/CInlineFilter.php(58): CController->filterAccessControl(Object(CFilterChain))
#10 /var/www/parser-url/vendor/yiisoft/yii/framework/web/filters/CFilterChain.php(131): CInlineFilter->filter(Object(CFilterChain))
#11 /var/www/parser-url/vendor/yiisoft/yii/framework/web/CController.php(291): CFilterChain->run()
#12 /var/www/parser-url/vendor/yiisoft/yii/framework/web/CController.php(265): CController->runActionWithFilters(Object(CInlineAction), Array)
#13 /var/www/parser-url/vendor/yiisoft/yii/framework/web/CWebApplication.php(282): CController->run('create')
#14 /var/www/parser-url/vendor/yiisoft/yii/framework/web/CWebApplication.php(141): CWebApplication->runController('video/create')
#15 /var/www/parser-url/vendor/yiisoft/yii/framework/base/CApplication.php(185): CWebApplication->processRequest()
#16 /var/www/parser-url/index.php(13): CApplication->run()
#17 {main}
REQUEST_URI=/index.php?r=video/create
HTTP_REFERER=http://parser/index.php?r=video/create
---
2017/05/05 01:47:56 [error] [exception.Error] Error: Call to a member function getDataByUrl() on null in /var/www/parser-url/protected/components/videoService/VideoService.php:53
Stack trace:
#0 /var/www/parser-url/protected/models/Video.php(123): VideoService->getDataVideo()
#1 /var/www/parser-url/vendor/yiisoft/yii/framework/base/CComponent.php(152): Video->setAttributes(Array)
#2 /var/www/parser-url/vendor/yiisoft/yii/framework/db/ar/CActiveRecord.php(162): CComponent->__set('attributes', Array)
#3 /var/www/parser-url/protected/controllers/VideoController.php(78): CActiveRecord->__set('attributes', Array)
#4 /var/www/parser-url/vendor/yiisoft/yii/framework/web/actions/CInlineAction.php(49): VideoController->actionCreate()
#5 /var/www/parser-url/vendor/yiisoft/yii/framework/web/CController.php(308): CInlineAction->runWithParams(Array)
#6 /var/www/parser-url/vendor/yiisoft/yii/framework/web/filters/CFilterChain.php(134): CController->runAction(Object(CInlineAction))
#7 /var/www/parser-url/vendor/yiisoft/yii/framework/web/filters/CFilter.php(40): CFilterChain->run()
#8 /var/www/parser-url/vendor/yiisoft/yii/framework/web/CController.php(1148): CFilter->filter(Object(CFilterChain))
#9 /var/www/parser-url/vendor/yiisoft/yii/framework/web/filters/CInlineFilter.php(58): CController->filterAccessControl(Object(CFilterChain))
#10 /var/www/parser-url/vendor/yiisoft/yii/framework/web/filters/CFilterChain.php(131): CInlineFilter->filter(Object(CFilterChain))
#11 /var/www/parser-url/vendor/yiisoft/yii/framework/web/CController.php(291): CFilterChain->run()
#12 /var/www/parser-url/vendor/yiisoft/yii/framework/web/CController.php(265): CController->runActionWithFilters(Object(CInlineAction), Array)
#13 /var/www/parser-url/vendor/yiisoft/yii/framework/web/CWebApplication.php(282): CController->run('create')
#14 /var/www/parser-url/vendor/yiisoft/yii/framework/web/CWebApplication.php(141): CWebApplication->runController('video/create')
#15 /var/www/parser-url/vendor/yiisoft/yii/framework/base/CApplication.php(185): CWebApplication->processRequest()
#16 /var/www/parser-url/index.php(13): CApplication->run()
#17 {main}
REQUEST_URI=/index.php?r=video/create
HTTP_REFERER=http://parser/index.php?r=video/create
---
2017/05/05 01:52:45 [error] [php] simplexml_load_file(): http://rutube.ru/api/video/9530ad89f6e2b1a00ebe9896feb1c46a:1: parser error : Start tag expected, '&lt;' not found (/var/www/parser-url/protected/components/videoService/RutubeProvider.php:11)
Stack trace:
#0 /var/www/parser-url/protected/models/Video.php(123): VideoService->getDataVideo()
#1 /var/www/parser-url/vendor/yiisoft/yii/framework/base/CComponent.php(152): Video->setAttributes()
#2 /var/www/parser-url/vendor/yiisoft/yii/framework/db/ar/CActiveRecord.php(162): Video->__set()
#3 /var/www/parser-url/protected/controllers/VideoController.php(78): Video->__set()
#4 /var/www/parser-url/vendor/yiisoft/yii/framework/web/actions/CInlineAction.php(49): VideoController->actionCreate()
#5 /var/www/parser-url/vendor/yiisoft/yii/framework/web/CController.php(308): CInlineAction->runWithParams()
#6 /var/www/parser-url/vendor/yiisoft/yii/framework/web/filters/CFilterChain.php(134): VideoController->runAction()
#7 /var/www/parser-url/vendor/yiisoft/yii/framework/web/filters/CFilter.php(40): CFilterChain->run()
#8 /var/www/parser-url/vendor/yiisoft/yii/framework/web/CController.php(1148): CAccessControlFilter->filter()
#9 /var/www/parser-url/vendor/yiisoft/yii/framework/web/filters/CInlineFilter.php(58): VideoController->filterAccessControl()
#10 /var/www/parser-url/vendor/yiisoft/yii/framework/web/filters/CFilterChain.php(131): CInlineFilter->filter()
#11 /var/www/parser-url/vendor/yiisoft/yii/framework/web/CController.php(291): CFilterChain->run()
#12 /var/www/parser-url/vendor/yiisoft/yii/framework/web/CController.php(265): VideoController->runActionWithFilters()
#13 /var/www/parser-url/vendor/yiisoft/yii/framework/web/CWebApplication.php(282): VideoController->run()
#14 /var/www/parser-url/vendor/yiisoft/yii/framework/web/CWebApplication.php(141): CWebApplication->runController()
#15 /var/www/parser-url/vendor/yiisoft/yii/framework/base/CApplication.php(185): CWebApplication->processRequest()
#16 /var/www/parser-url/index.php(13): CWebApplication->run()
REQUEST_URI=/index.php?r=video/create
in /var/www/parser-url/protected/components/videoService/RutubeProvider.php (11)
in /var/www/parser-url/protected/components/videoService/VideoService.php (52)
in /var/www/parser-url/protected/models/Video.php (123)
2017/05/05 01:53:33 [error] [php] simplexml_load_file(): http://rutube.ru/api/video/9530ad89f6e2b1a00ebe9896feb1c46a:1: parser error : Start tag expected, '&lt;' not found (/var/www/parser-url/protected/components/videoService/RutubeProvider.php:11)
Stack trace:
#0 /var/www/parser-url/protected/models/Video.php(123): VideoService->getDataVideo()
#1 /var/www/parser-url/vendor/yiisoft/yii/framework/base/CComponent.php(152): Video->setAttributes()
#2 /var/www/parser-url/vendor/yiisoft/yii/framework/db/ar/CActiveRecord.php(162): Video->__set()
#3 /var/www/parser-url/protected/controllers/VideoController.php(78): Video->__set()
#4 /var/www/parser-url/vendor/yiisoft/yii/framework/web/actions/CInlineAction.php(49): VideoController->actionCreate()
#5 /var/www/parser-url/vendor/yiisoft/yii/framework/web/CController.php(308): CInlineAction->runWithParams()
#6 /var/www/parser-url/vendor/yiisoft/yii/framework/web/filters/CFilterChain.php(134): VideoController->runAction()
#7 /var/www/parser-url/vendor/yiisoft/yii/framework/web/filters/CFilter.php(40): CFilterChain->run()
#8 /var/www/parser-url/vendor/yiisoft/yii/framework/web/CController.php(1148): CAccessControlFilter->filter()
#9 /var/www/parser-url/vendor/yiisoft/yii/framework/web/filters/CInlineFilter.php(58): VideoController->filterAccessControl()
#10 /var/www/parser-url/vendor/yiisoft/yii/framework/web/filters/CFilterChain.php(131): CInlineFilter->filter()
#11 /var/www/parser-url/vendor/yiisoft/yii/framework/web/CController.php(291): CFilterChain->run()
#12 /var/www/parser-url/vendor/yiisoft/yii/framework/web/CController.php(265): VideoController->runActionWithFilters()
#13 /var/www/parser-url/vendor/yiisoft/yii/framework/web/CWebApplication.php(282): VideoController->run()
#14 /var/www/parser-url/vendor/yiisoft/yii/framework/web/CWebApplication.php(141): CWebApplication->runController()
#15 /var/www/parser-url/vendor/yiisoft/yii/framework/base/CApplication.php(185): CWebApplication->processRequest()
#16 /var/www/parser-url/index.php(13): CWebApplication->run()
REQUEST_URI=/index.php?r=video/create
in /var/www/parser-url/protected/components/videoService/RutubeProvider.php (11)
in /var/www/parser-url/protected/components/videoService/VideoService.php (52)
in /var/www/parser-url/protected/models/Video.php (123)
2017/05/05 01:55:34 [error] [php] file_get_contents(http://rutube.ru/api/video/9530ad89): failed to open stream: HTTP request failed! HTTP/1.1 404 NOT FOUND
 (/var/www/parser-url/protected/components/videoService/RutubeProvider.php:11)
Stack trace:
#0 /var/www/parser-url/protected/models/Video.php(123): VideoService->getDataVideo()
#1 /var/www/parser-url/vendor/yiisoft/yii/framework/base/CComponent.php(152): Video->setAttributes()
#2 /var/www/parser-url/vendor/yiisoft/yii/framework/db/ar/CActiveRecord.php(162): Video->__set()
#3 /var/www/parser-url/protected/controllers/VideoController.php(78): Video->__set()
#4 /var/www/parser-url/vendor/yiisoft/yii/framework/web/actions/CInlineAction.php(49): VideoController->actionCreate()
#5 /var/www/parser-url/vendor/yiisoft/yii/framework/web/CController.php(308): CInlineAction->runWithParams()
#6 /var/www/parser-url/vendor/yiisoft/yii/framework/web/filters/CFilterChain.php(134): VideoController->runAction()
#7 /var/www/parser-url/vendor/yiisoft/yii/framework/web/filters/CFilter.php(40): CFilterChain->run()
#8 /var/www/parser-url/vendor/yiisoft/yii/framework/web/CController.php(1148): CAccessControlFilter->filter()
#9 /var/www/parser-url/vendor/yiisoft/yii/framework/web/filters/CInlineFilter.php(58): VideoController->filterAccessControl()
#10 /var/www/parser-url/vendor/yiisoft/yii/framework/web/filters/CFilterChain.php(131): CInlineFilter->filter()
#11 /var/www/parser-url/vendor/yiisoft/yii/framework/web/CController.php(291): CFilterChain->run()
#12 /var/www/parser-url/vendor/yiisoft/yii/framework/web/CController.php(265): VideoController->runActionWithFilters()
#13 /var/www/parser-url/vendor/yiisoft/yii/framework/web/CWebApplication.php(282): VideoController->run()
#14 /var/www/parser-url/vendor/yiisoft/yii/framework/web/CWebApplication.php(141): CWebApplication->runController()
#15 /var/www/parser-url/vendor/yiisoft/yii/framework/base/CApplication.php(185): CWebApplication->processRequest()
#16 /var/www/parser-url/index.php(13): CWebApplication->run()
REQUEST_URI=/index.php?r=video/create
in /var/www/parser-url/protected/components/videoService/RutubeProvider.php (11)
in /var/www/parser-url/protected/components/videoService/VideoService.php (52)
in /var/www/parser-url/protected/models/Video.php (123)
2017/05/05 01:58:49 [error] [php] file_get_contents(http://rutube.ru/api/video/9530ad89): failed to open stream: HTTP request failed! HTTP/1.1 404 NOT FOUND
 (/var/www/parser-url/protected/components/videoService/RutubeProvider.php:12)
Stack trace:
#0 /var/www/parser-url/protected/models/Video.php(123): VideoService->getDataVideo()
#1 /var/www/parser-url/vendor/yiisoft/yii/framework/base/CComponent.php(152): Video->setAttributes()
#2 /var/www/parser-url/vendor/yiisoft/yii/framework/db/ar/CActiveRecord.php(162): Video->__set()
#3 /var/www/parser-url/protected/controllers/VideoController.php(78): Video->__set()
#4 /var/www/parser-url/vendor/yiisoft/yii/framework/web/actions/CInlineAction.php(49): VideoController->actionCreate()
#5 /var/www/parser-url/vendor/yiisoft/yii/framework/web/CController.php(308): CInlineAction->runWithParams()
#6 /var/www/parser-url/vendor/yiisoft/yii/framework/web/filters/CFilterChain.php(134): VideoController->runAction()
#7 /var/www/parser-url/vendor/yiisoft/yii/framework/web/filters/CFilter.php(40): CFilterChain->run()
#8 /var/www/parser-url/vendor/yiisoft/yii/framework/web/CController.php(1148): CAccessControlFilter->filter()
#9 /var/www/parser-url/vendor/yiisoft/yii/framework/web/filters/CInlineFilter.php(58): VideoController->filterAccessControl()
#10 /var/www/parser-url/vendor/yiisoft/yii/framework/web/filters/CFilterChain.php(131): CInlineFilter->filter()
#11 /var/www/parser-url/vendor/yiisoft/yii/framework/web/CController.php(291): CFilterChain->run()
#12 /var/www/parser-url/vendor/yiisoft/yii/framework/web/CController.php(265): VideoController->runActionWithFilters()
#13 /var/www/parser-url/vendor/yiisoft/yii/framework/web/CWebApplication.php(282): VideoController->run()
#14 /var/www/parser-url/vendor/yiisoft/yii/framework/web/CWebApplication.php(141): CWebApplication->runController()
#15 /var/www/parser-url/vendor/yiisoft/yii/framework/base/CApplication.php(185): CWebApplication->processRequest()
#16 /var/www/parser-url/index.php(13): CWebApplication->run()
REQUEST_URI=/index.php?r=video/create
in /var/www/parser-url/protected/components/videoService/RutubeProvider.php (12)
in /var/www/parser-url/protected/components/videoService/VideoService.php (52)
in /var/www/parser-url/protected/models/Video.php (123)
2017/05/05 01:59:08 [error] [php] file_get_contents(http://rutube.ru/api/video/9530ad89): failed to open stream: HTTP request failed! HTTP/1.1 404 NOT FOUND
 (/var/www/parser-url/protected/components/videoService/RutubeProvider.php:12)
Stack trace:
#0 /var/www/parser-url/protected/models/Video.php(123): VideoService->getDataVideo()
#1 /var/www/parser-url/vendor/yiisoft/yii/framework/base/CComponent.php(152): Video->setAttributes()
#2 /var/www/parser-url/vendor/yiisoft/yii/framework/db/ar/CActiveRecord.php(162): Video->__set()
#3 /var/www/parser-url/protected/controllers/VideoController.php(78): Video->__set()
#4 /var/www/parser-url/vendor/yiisoft/yii/framework/web/actions/CInlineAction.php(49): VideoController->actionCreate()
#5 /var/www/parser-url/vendor/yiisoft/yii/framework/web/CController.php(308): CInlineAction->runWithParams()
#6 /var/www/parser-url/vendor/yiisoft/yii/framework/web/filters/CFilterChain.php(134): VideoController->runAction()
#7 /var/www/parser-url/vendor/yiisoft/yii/framework/web/filters/CFilter.php(40): CFilterChain->run()
#8 /var/www/parser-url/vendor/yiisoft/yii/framework/web/CController.php(1148): CAccessControlFilter->filter()
#9 /var/www/parser-url/vendor/yiisoft/yii/framework/web/filters/CInlineFilter.php(58): VideoController->filterAccessControl()
#10 /var/www/parser-url/vendor/yiisoft/yii/framework/web/filters/CFilterChain.php(131): CInlineFilter->filter()
#11 /var/www/parser-url/vendor/yiisoft/yii/framework/web/CController.php(291): CFilterChain->run()
#12 /var/www/parser-url/vendor/yiisoft/yii/framework/web/CController.php(265): VideoController->runActionWithFilters()
#13 /var/www/parser-url/vendor/yiisoft/yii/framework/web/CWebApplication.php(282): VideoController->run()
#14 /var/www/parser-url/vendor/yiisoft/yii/framework/web/CWebApplication.php(141): CWebApplication->runController()
#15 /var/www/parser-url/vendor/yiisoft/yii/framework/base/CApplication.php(185): CWebApplication->processRequest()
#16 /var/www/parser-url/index.php(13): CWebApplication->run()
REQUEST_URI=/index.php?r=video/create
in /var/www/parser-url/protected/components/videoService/RutubeProvider.php (12)
in /var/www/parser-url/protected/components/videoService/VideoService.php (52)
in /var/www/parser-url/protected/models/Video.php (123)
2017/05/05 02:19:15 [error] [exception.InvalidArgumentException] InvalidArgumentException: "" is not a valid URL in /var/www/parser-url/protected/components/videoService/VideoService.php:32
Stack trace:
#0 /var/www/parser-url/protected/models/Video.php(122): VideoService->setUrl(false)
#1 /var/www/parser-url/vendor/yiisoft/yii/framework/base/CComponent.php(152): Video->setAttributes(Array)
#2 /var/www/parser-url/vendor/yiisoft/yii/framework/db/ar/CActiveRecord.php(162): CComponent->__set('attributes', Array)
#3 /var/www/parser-url/protected/controllers/VideoController.php(78): CActiveRecord->__set('attributes', Array)
#4 /var/www/parser-url/vendor/yiisoft/yii/framework/web/actions/CInlineAction.php(49): VideoController->actionCreate()
#5 /var/www/parser-url/vendor/yiisoft/yii/framework/web/CController.php(308): CInlineAction->runWithParams(Array)
#6 /var/www/parser-url/vendor/yiisoft/yii/framework/web/filters/CFilterChain.php(134): CController->runAction(Object(CInlineAction))
#7 /var/www/parser-url/vendor/yiisoft/yii/framework/web/filters/CFilter.php(40): CFilterChain->run()
#8 /var/www/parser-url/vendor/yiisoft/yii/framework/web/CController.php(1148): CFilter->filter(Object(CFilterChain))
#9 /var/www/parser-url/vendor/yiisoft/yii/framework/web/filters/CInlineFilter.php(58): CController->filterAccessControl(Object(CFilterChain))
#10 /var/www/parser-url/vendor/yiisoft/yii/framework/web/filters/CFilterChain.php(131): CInlineFilter->filter(Object(CFilterChain))
#11 /var/www/parser-url/vendor/yiisoft/yii/framework/web/CController.php(291): CFilterChain->run()
#12 /var/www/parser-url/vendor/yiisoft/yii/framework/web/CController.php(265): CController->runActionWithFilters(Object(CInlineAction), Array)
#13 /var/www/parser-url/vendor/yiisoft/yii/framework/web/CWebApplication.php(282): CController->run('create')
#14 /var/www/parser-url/vendor/yiisoft/yii/framework/web/CWebApplication.php(141): CWebApplication->runController('video/create')
#15 /var/www/parser-url/vendor/yiisoft/yii/framework/base/CApplication.php(185): CWebApplication->processRequest()
#16 /var/www/parser-url/index.php(13): CApplication->run()
#17 {main}
REQUEST_URI=/index.php?r=video/create
HTTP_REFERER=http://parser/index.php?r=video/create
---
2017/05/05 02:20:04 [error] [exception.InvalidArgumentException] InvalidArgumentException: "" is not a valid URL in /var/www/parser-url/protected/components/videoService/VideoService.php:32
Stack trace:
#0 /var/www/parser-url/protected/models/Video.php(122): VideoService->setUrl(false)
#1 /var/www/parser-url/vendor/yiisoft/yii/framework/base/CComponent.php(152): Video->setAttributes(Array)
#2 /var/www/parser-url/vendor/yiisoft/yii/framework/db/ar/CActiveRecord.php(162): CComponent->__set('attributes', Array)
#3 /var/www/parser-url/protected/controllers/VideoController.php(78): CActiveRecord->__set('attributes', Array)
#4 /var/www/parser-url/vendor/yiisoft/yii/framework/web/actions/CInlineAction.php(49): VideoController->actionCreate()
#5 /var/www/parser-url/vendor/yiisoft/yii/framework/web/CController.php(308): CInlineAction->runWithParams(Array)
#6 /var/www/parser-url/vendor/yiisoft/yii/framework/web/filters/CFilterChain.php(134): CController->runAction(Object(CInlineAction))
#7 /var/www/parser-url/vendor/yiisoft/yii/framework/web/filters/CFilter.php(40): CFilterChain->run()
#8 /var/www/parser-url/vendor/yiisoft/yii/framework/web/CController.php(1148): CFilter->filter(Object(CFilterChain))
#9 /var/www/parser-url/vendor/yiisoft/yii/framework/web/filters/CInlineFilter.php(58): CController->filterAccessControl(Object(CFilterChain))
#10 /var/www/parser-url/vendor/yiisoft/yii/framework/web/filters/CFilterChain.php(131): CInlineFilter->filter(Object(CFilterChain))
#11 /var/www/parser-url/vendor/yiisoft/yii/framework/web/CController.php(291): CFilterChain->run()
#12 /var/www/parser-url/vendor/yiisoft/yii/framework/web/CController.php(265): CController->runActionWithFilters(Object(CInlineAction), Array)
#13 /var/www/parser-url/vendor/yiisoft/yii/framework/web/CWebApplication.php(282): CController->run('create')
#14 /var/www/parser-url/vendor/yiisoft/yii/framework/web/CWebApplication.php(141): CWebApplication->runController('video/create')
#15 /var/www/parser-url/vendor/yiisoft/yii/framework/base/CApplication.php(185): CWebApplication->processRequest()
#16 /var/www/parser-url/index.php(13): CApplication->run()
#17 {main}
REQUEST_URI=/index.php?r=video/create
HTTP_REFERER=http://parser/index.php?r=video/create
---
2017/05/05 02:21:39 [error] [exception.InvalidArgumentException] InvalidArgumentException: "//rutube.ru/play/embed/10314868" is not a valid URL in /var/www/parser-url/protected/components/videoService/VideoService.php:32
Stack trace:
#0 /var/www/parser-url/protected/models/Video.php(122): VideoService->setUrl('//rutube.ru/pla...')
#1 /var/www/parser-url/vendor/yiisoft/yii/framework/base/CComponent.php(152): Video->setAttributes(Array)
#2 /var/www/parser-url/vendor/yiisoft/yii/framework/db/ar/CActiveRecord.php(162): CComponent->__set('attributes', Array)
#3 /var/www/parser-url/protected/controllers/VideoController.php(78): CActiveRecord->__set('attributes', Array)
#4 /var/www/parser-url/vendor/yiisoft/yii/framework/web/actions/CInlineAction.php(49): VideoController->actionCreate()
#5 /var/www/parser-url/vendor/yiisoft/yii/framework/web/CController.php(308): CInlineAction->runWithParams(Array)
#6 /var/www/parser-url/vendor/yiisoft/yii/framework/web/filters/CFilterChain.php(134): CController->runAction(Object(CInlineAction))
#7 /var/www/parser-url/vendor/yiisoft/yii/framework/web/filters/CFilter.php(40): CFilterChain->run()
#8 /var/www/parser-url/vendor/yiisoft/yii/framework/web/CController.php(1148): CFilter->filter(Object(CFilterChain))
#9 /var/www/parser-url/vendor/yiisoft/yii/framework/web/filters/CInlineFilter.php(58): CController->filterAccessControl(Object(CFilterChain))
#10 /var/www/parser-url/vendor/yiisoft/yii/framework/web/filters/CFilterChain.php(131): CInlineFilter->filter(Object(CFilterChain))
#11 /var/www/parser-url/vendor/yiisoft/yii/framework/web/CController.php(291): CFilterChain->run()
#12 /var/www/parser-url/vendor/yiisoft/yii/framework/web/CController.php(265): CController->runActionWithFilters(Object(CInlineAction), Array)
#13 /var/www/parser-url/vendor/yiisoft/yii/framework/web/CWebApplication.php(282): CController->run('create')
#14 /var/www/parser-url/vendor/yiisoft/yii/framework/web/CWebApplication.php(141): CWebApplication->runController('video/create')
#15 /var/www/parser-url/vendor/yiisoft/yii/framework/base/CApplication.php(185): CWebApplication->processRequest()
#16 /var/www/parser-url/index.php(13): CApplication->run()
#17 {main}
REQUEST_URI=/index.php?r=video/create
HTTP_REFERER=http://parser/index.php?r=video/create
---
2017/05/05 07:51:39 [error] [exception.CDbException] CDbException: The table "video" for active record class "Video" cannot be found in the database. in /var/www/parser-url/vendor/yiisoft/yii/framework/db/ar/CActiveRecord.php:2390
Stack trace:
#0 /var/www/parser-url/vendor/yiisoft/yii/framework/db/ar/CActiveRecord.php(413): CActiveRecordMetaData->__construct(Object(Video))
#1 /var/www/parser-url/vendor/yiisoft/yii/framework/db/ar/CActiveRecord.php(663): CActiveRecord->getMetaData()
#2 /var/www/parser-url/vendor/yiisoft/yii/framework/db/ar/CActiveRecord.php(1609): CActiveRecord->getTableSchema()
#3 /var/www/parser-url/vendor/yiisoft/yii/framework/web/CActiveDataProvider.php(228): CActiveRecord->count(Object(CDbCriteria))
#4 /var/www/parser-url/vendor/yiisoft/yii/framework/web/CDataProvider.php(224): CActiveDataProvider->calculateTotalItemCount()
#5 /var/www/parser-url/vendor/yiisoft/yii/framework/web/CActiveDataProvider.php(178): CDataProvider->getTotalItemCount()
#6 /var/www/parser-url/vendor/yiisoft/yii/framework/web/CDataProvider.php(168): CActiveDataProvider->fetchData()
#7 /var/www/parser-url/vendor/yiisoft/yii/framework/zii/widgets/CBaseListView.php(125): CDataProvider->getData()
#8 /var/www/parser-url/vendor/yiisoft/yii/framework/zii/widgets/CListView.php(211): CBaseListView->init()
#9 /var/www/parser-url/vendor/yiisoft/yii/framework/web/CBaseController.php(147): CListView->init()
#10 /var/www/parser-url/vendor/yiisoft/yii/framework/web/CBaseController.php(181): CBaseController->createWidget('zii.widgets.CLi...', Array)
#11 /var/www/parser-url/protected/views/video/index.php(19): CBaseController->widget('zii.widgets.CLi...', Array)
#12 /var/www/parser-url/vendor/yiisoft/yii/framework/web/CBaseController.php(126): require('/var/www/parser...')
#13 /var/www/parser-url/vendor/yiisoft/yii/framework/web/CBaseController.php(95): CBaseController->renderInternal('/var/www/parser...', Array, true)
#14 /var/www/parser-url/vendor/yiisoft/yii/framework/web/CController.php(872): CBaseController->renderFile('/var/www/parser...', Array, true)
#15 /var/www/parser-url/vendor/yiisoft/yii/framework/web/CController.php(785): CController->renderPartial('index', Array, true)
#16 /var/www/parser-url/protected/controllers/VideoController.php(129): CController->render('index', Array)
#17 /var/www/parser-url/vendor/yiisoft/yii/framework/web/actions/CInlineAction.php(49): VideoController->actionIndex()
#18 /var/www/parser-url/vendor/yiisoft/yii/framework/web/CController.php(308): CInlineAction->runWithParams(Array)
#19 /var/www/parser-url/vendor/yiisoft/yii/framework/web/filters/CFilterChain.php(134): CController->runAction(Object(CInlineAction))
#20 /var/www/parser-url/vendor/yiisoft/yii/framework/web/filters/CFilter.php(40): CFilterChain->run()
#21 /var/www/parser-url/vendor/yiisoft/yii/framework/web/CController.php(1148): CFilter->filter(Object(CFilterChain))
#22 /var/www/parser-url/vendor/yiisoft/yii/framework/web/filters/CInlineFilter.php(58): CController->filterAccessControl(Object(CFilterChain))
#23 /var/www/parser-url/vendor/yiisoft/yii/framework/web/filters/CFilterChain.php(131): CInlineFilter->filter(Object(CFilterChain))
#24 /var/www/parser-url/vendor/yiisoft/yii/framework/web/CController.php(291): CFilterChain->run()
#25 /var/www/parser-url/vendor/yiisoft/yii/framework/web/CController.php(265): CController->runActionWithFilters(Object(CInlineAction), Array)
#26 /var/www/parser-url/vendor/yiisoft/yii/framework/web/CWebApplication.php(282): CController->run('')
#27 /var/www/parser-url/vendor/yiisoft/yii/framework/web/CWebApplication.php(141): CWebApplication->runController('')
#28 /var/www/parser-url/vendor/yiisoft/yii/framework/base/CApplication.php(185): CWebApplication->processRequest()
#29 /var/www/parser-url/index.php(13): CApplication->run()
#30 {main}
REQUEST_URI=/
---
